<?xml version="1.0" encoding="UTF-8"?>
<!-- Generated by org.testng.reporters.JUnitReportReporter -->
<testsuite hostname="ADITYA" failures="0" tests="2" name="pac1_maven.ContactTest" time="0.022" errors="0" timestamp="2024-06-06T16:33:42 IST" skipped="0">
  <testcase classname="pac1_maven.ContactTest" name="createContactTest" time="0.019"/>
  <system-out/>
  <testcase classname="pac1_maven.ContactTest" name="modifyContactTest" time="0.003"/>
  <system-out/>
</testsuite> <!-- pac1_maven.ContactTest -->
