<?xml version="1.0" encoding="UTF-8"?>
<!-- Generated by org.testng.reporters.JUnitReportReporter -->
<testsuite hostname="ADITYA" failures="0" tests="2" name="pac2_maven.OrgTest$ContactTest" time="0.023" errors="0" timestamp="2024-06-06T16:33:30 IST" skipped="0">
  <testcase classname="pac2_maven.OrgTest$ContactTest" name="createOrgTest" time="0.020"/>
  <system-out/>
  <testcase classname="pac2_maven.OrgTest$ContactTest" name="modifyOrgTest" time="0.003"/>
  <system-out/>
</testsuite> <!-- pac2_maven.OrgTest$ContactTest -->
